C:\Program Files (x86)\Microsoft Visual Studio\2019\Community\MSBuild\Microsoft\VC\v160\Microsoft.CppBuild.targets(513,5): warning MSB8028: The intermediate directory (Debug\) contains files shared from another project (SMFLLinkExample.vcxproj).  This can lead to incorrect clean and rebuild behavior.
  Source.cpp
C:\Users\Rafid\Documents\Visual Studio 2019\SMFLLinkExample\SMFLLinkExample\Source.cpp(26,24): warning C4305: 'argument': truncation from 'double' to 'T'
          with
          [
              T=float
          ]
C:\Users\Rafid\Documents\Visual Studio 2019\SMFLLinkExample\SMFLLinkExample\Source.cpp(36,50): warning C4244: 'argument': conversion from 'int' to 'float', possible loss of data
C:\Users\Rafid\Documents\Visual Studio 2019\SMFLLinkExample\SMFLLinkExample\Source.cpp(38,51): warning C4244: 'argument': conversion from 'int' to 'float', possible loss of data
C:\Users\Rafid\Documents\Visual Studio 2019\SMFLLinkExample\SMFLLinkExample\Source.cpp(89,1): warning C4305: 'argument': truncation from 'double' to 'T'
          with
          [
              T=float
          ]
C:\Users\Rafid\Documents\Visual Studio 2019\SMFLLinkExample\SMFLLinkExample\Source.cpp(90,1): warning C4305: 'argument': truncation from 'double' to 'T'
          with
          [
              T=float
          ]
C:\Users\Rafid\Documents\Visual Studio 2019\SMFLLinkExample\SMFLLinkExample\Source.cpp(98,1): warning C4305: 'argument': truncation from 'double' to 'T'
          with
          [
              T=float
          ]
C:\Users\Rafid\Documents\Visual Studio 2019\SMFLLinkExample\SMFLLinkExample\Source.cpp(99,1): warning C4305: 'argument': truncation from 'double' to 'T'
          with
          [
              T=float
          ]
C:\Users\Rafid\Documents\Visual Studio 2019\SMFLLinkExample\SMFLLinkExample\Source.cpp(108,1): warning C4305: 'argument': truncation from 'double' to 'T'
          with
          [
              T=float
          ]
C:\Users\Rafid\Documents\Visual Studio 2019\SMFLLinkExample\SMFLLinkExample\Source.cpp(144,15): warning C4244: 'argument': conversion from 'time_t' to 'unsigned int', possible loss of data
C:\Users\Rafid\Documents\Visual Studio 2019\SMFLLinkExample\SMFLLinkExample\Source.cpp(264,44): warning C4305: 'argument': truncation from 'double' to 'T'
          with
          [
              T=float
          ]
C:\Users\Rafid\Documents\Visual Studio 2019\SMFLLinkExample\SMFLLinkExample\Source.cpp(276,43): warning C4305: 'argument': truncation from 'double' to 'T'
          with
          [
              T=float
          ]
C:\Users\Rafid\Documents\Visual Studio 2019\SMFLLinkExample\SMFLLinkExample\Source.cpp(316,39): warning C4305: 'argument': truncation from 'double' to 'T'
          with
          [
              T=float
          ]
C:\Users\Rafid\Documents\Visual Studio 2019\SMFLLinkExample\SMFLLinkExample\Source.cpp(343,43): warning C4305: 'argument': truncation from 'double' to 'T'
          with
          [
              T=float
          ]
C:\Users\Rafid\Documents\Visual Studio 2019\SMFLLinkExample\SMFLLinkExample\Source.cpp(430,19): warning C4244: 'argument': conversion from 'time_t' to 'unsigned int', possible loss of data
C:\Users\Rafid\Documents\Visual Studio 2019\SMFLLinkExample\SMFLLinkExample\Source.cpp(575,23): warning C4244: 'argument': conversion from 'time_t' to 'unsigned int', possible loss of data
C:\Users\Rafid\Documents\Visual Studio 2019\SMFLLinkExample\SMFLLinkExample\Source.cpp(608,46): warning C4244: 'argument': conversion from 'int' to 'float', possible loss of data
C:\Users\Rafid\Documents\Visual Studio 2019\SMFLLinkExample\SMFLLinkExample\Source.cpp(631,55): warning C4244: 'argument': conversion from 'int' to 'float', possible loss of data
C:\Users\Rafid\Documents\Visual Studio 2019\SMFLLinkExample\SMFLLinkExample\Source.cpp(704,46): warning C4244: 'initializing': conversion from 'T' to 'int', possible loss of data
          with
          [
              T=float
          ]
  SMFLLinkExample.vcxproj -> C:\Users\Rafid\Documents\Visual Studio 2019\SMFLLinkExample\Debug\AstroSmash.exe
