  Source.cpp
C:\Users\Rafid\Documents\Visual Studio 2019\SMFLLinkExample\SMFLLinkExample\Source.cpp(26,24): warning C4305: 'argument': truncation from 'double' to 'T'
          with
          [
              T=float
          ]
C:\Users\Rafid\Documents\Visual Studio 2019\SMFLLinkExample\SMFLLinkExample\Source.cpp(36,50): warning C4244: 'argument': conversion from 'int' to 'float', possible loss of data
C:\Users\Rafid\Documents\Visual Studio 2019\SMFLLinkExample\SMFLLinkExample\Source.cpp(38,51): warning C4244: 'argument': conversion from 'int' to 'float', possible loss of data
C:\Users\Rafid\Documents\Visual Studio 2019\SMFLLinkExample\SMFLLinkExample\Source.cpp(89,1): warning C4305: 'argument': truncation from 'double' to 'T'
          with
          [
              T=float
          ]
C:\Users\Rafid\Documents\Visual Studio 2019\SMFLLinkExample\SMFLLinkExample\Source.cpp(90,1): warning C4305: 'argument': truncation from 'double' to 'T'
          with
          [
              T=float
          ]
C:\Users\Rafid\Documents\Visual Studio 2019\SMFLLinkExample\SMFLLinkExample\Source.cpp(98,1): warning C4305: 'argument': truncation from 'double' to 'T'
          with
          [
              T=float
          ]
C:\Users\Rafid\Documents\Visual Studio 2019\SMFLLinkExample\SMFLLinkExample\Source.cpp(99,1): warning C4305: 'argument': truncation from 'double' to 'T'
          with
          [
              T=float
          ]
C:\Users\Rafid\Documents\Visual Studio 2019\SMFLLinkExample\SMFLLinkExample\Source.cpp(108,1): warning C4305: 'argument': truncation from 'double' to 'T'
          with
          [
              T=float
          ]
C:\Users\Rafid\Documents\Visual Studio 2019\SMFLLinkExample\SMFLLinkExample\Source.cpp(144,15): warning C4244: 'argument': conversion from 'time_t' to 'unsigned int', possible loss of data
C:\Users\Rafid\Documents\Visual Studio 2019\SMFLLinkExample\SMFLLinkExample\Source.cpp(264,44): warning C4305: 'argument': truncation from 'double' to 'T'
          with
          [
              T=float
          ]
C:\Users\Rafid\Documents\Visual Studio 2019\SMFLLinkExample\SMFLLinkExample\Source.cpp(276,43): warning C4305: 'argument': truncation from 'double' to 'T'
          with
          [
              T=float
          ]
C:\Users\Rafid\Documents\Visual Studio 2019\SMFLLinkExample\SMFLLinkExample\Source.cpp(316,39): warning C4305: 'argument': truncation from 'double' to 'T'
          with
          [
              T=float
          ]
C:\Users\Rafid\Documents\Visual Studio 2019\SMFLLinkExample\SMFLLinkExample\Source.cpp(343,43): warning C4305: 'argument': truncation from 'double' to 'T'
          with
          [
              T=float
          ]
C:\Users\Rafid\Documents\Visual Studio 2019\SMFLLinkExample\SMFLLinkExample\Source.cpp(430,19): warning C4244: 'argument': conversion from 'time_t' to 'unsigned int', possible loss of data
C:\Users\Rafid\Documents\Visual Studio 2019\SMFLLinkExample\SMFLLinkExample\Source.cpp(575,23): warning C4244: 'argument': conversion from 'time_t' to 'unsigned int', possible loss of data
C:\Users\Rafid\Documents\Visual Studio 2019\SMFLLinkExample\SMFLLinkExample\Source.cpp(608,46): warning C4244: 'argument': conversion from 'int' to 'float', possible loss of data
C:\Users\Rafid\Documents\Visual Studio 2019\SMFLLinkExample\SMFLLinkExample\Source.cpp(631,55): warning C4244: 'argument': conversion from 'int' to 'float', possible loss of data
C:\Users\Rafid\Documents\Visual Studio 2019\SMFLLinkExample\SMFLLinkExample\Source.cpp(704,46): warning C4244: 'initializing': conversion from 'T' to 'int', possible loss of data
          with
          [
              T=float
          ]
  Generating code
  Previous IPDB not found, fall back to full compilation.
  All 251 functions were compiled because no usable IPDB/IOBJ from previous compilation was found.
  Finished generating code
  SMFLLinkExample.vcxproj -> C:\Users\Rafid\Documents\Visual Studio 2019\SMFLLinkExample\Release\AstroSmash.exe
